<?xml version="1.0" encoding="UTF-8"?>
<!-- Generated by org.testng.reporters.JUnitReportReporter -->
<testsuite skipped="0" hostname="DESKTOP-LP4VR5A" name="fpoly.TestRegister" tests="3" failures="0" timestamp="2022-12-01T18:46:23 ICT" time="15.599" errors="0">
  <testcase name="LaunchWebsite" time="1.615" classname="fpoly.TestRegister"/>
  <system-out/>
  <testcase name="FillRegisterDetails" time="3.656" classname="fpoly.TestRegister"/>
  <system-out/>
  <testcase name="DoRegister" time="10.328" classname="fpoly.TestRegister"/>
  <system-out/>
</testsuite> <!-- fpoly.TestRegister -->
