<?xml version="1.0" encoding="UTF-8"?>
<!-- Generated by org.testng.reporters.JUnitReportReporter -->
<testsuite skipped="0" hostname="DESKTOP-LP4VR5A" name="fpoly.TestLogin" tests="3" failures="0" timestamp="2022-12-01T18:45:01 ICT" time="8.541" errors="0">
  <testcase name="LaunchWebsite" time="2.110" classname="fpoly.TestLogin"/>
  <system-out/>
  <testcase name="FillLoginDetails" time="1.867" classname="fpoly.TestLogin"/>
  <system-out/>
  <testcase name="DoLogin" time="4.564" classname="fpoly.TestLogin"/>
  <system-out/>
</testsuite> <!-- fpoly.TestLogin -->
