<?xml version="1.0" encoding="UTF-8"?>
<!-- Generated by org.testng.reporters.JUnitReportReporter -->
<testsuite skipped="0" hostname="DESKTOP-LP4VR5A" name="fpoly.TestVideo" tests="5" failures="0" timestamp="2022-12-01T18:48:45 ICT" time="22.781" errors="0">
  <testcase name="LaunchWebsite1" time="1.871" classname="fpoly.TestVideo"/>
  <system-out/>
  <testcase name="FillLoginDetails" time="2.857" classname="fpoly.TestVideo"/>
  <system-out/>
  <testcase name="DoLogin" time="5.621" classname="fpoly.TestVideo"/>
  <system-out/>
  <testcase name="LaunchWebsite2" time="7.717" classname="fpoly.TestVideo"/>
  <system-out/>
  <testcase name="VideoDetail" time="4.715" classname="fpoly.TestVideo"/>
  <system-out/>
</testsuite> <!-- fpoly.TestVideo -->
