<?xml version="1.0" encoding="UTF-8"?>
<!-- Generated by org.testng.reporters.JUnitReportReporter -->
<testsuite skipped="0" hostname="DESKTOP-LP4VR5A" name="fpoly.TestHistory" tests="7" failures="0" timestamp="2022-12-02T23:56:13 ICT" time="29.070" errors="0">
  <testcase name="LaunchWebsite1" time="1.460" classname="fpoly.TestHistory"/>
  <system-out/>
  <testcase name="FillRegisterDetails" time="2.970" classname="fpoly.TestHistory"/>
  <system-out/>
  <testcase name="DoRegister" time="9.860" classname="fpoly.TestHistory"/>
  <system-out/>
  <testcase name="LaunchWebsite2" time="4.329" classname="fpoly.TestHistory"/>
  <system-out/>
  <testcase name="VideoDetail" time="3.335" classname="fpoly.TestHistory"/>
  <system-out/>
  <testcase name="LaunchWebsite3" time="1.257" classname="fpoly.TestHistory"/>
  <system-out/>
  <testcase name="LaunchWebsiteHistory" time="5.859" classname="fpoly.TestHistory"/>
  <system-out/>
</testsuite> <!-- fpoly.TestHistory -->
